2017-05-02 10:27:17  [ http-apr-8000-exec-7:835014 ] - [ ERROR ]  getHttp¡¨Ω” ß∞‹
2017-05-02 13:39:14  [ localhost-startStop-2:12351742 ] - [ INFO ]  Closing WebApplicationContext for namespace 'springDispatcherServlet-servlet': startup date [Tue May 02 10:13:23 CST 2017]; parent: Root WebApplicationContext
2017-05-02 13:39:14  [ localhost-startStop-2:12351744 ] - [ INFO ]  Closing Root WebApplicationContext: startup date [Tue May 02 10:13:22 CST 2017]; root of context hierarchy
2017-05-02 13:53:02  [ RMI TCP Connection(2)-127.0.0.1:0 ] - [ INFO ]  Root WebApplicationContext: initialization started
2017-05-02 13:53:02  [ RMI TCP Connection(2)-127.0.0.1:90 ] - [ INFO ]  Refreshing Root WebApplicationContext: startup date [Tue May 02 13:53:02 CST 2017]; root of context hierarchy
2017-05-02 13:53:03  [ RMI TCP Connection(2)-127.0.0.1:150 ] - [ INFO ]  Loading XML bean definitions from class path resource [config/spring-mybatis.xml]
2017-05-02 13:53:04  [ RMI TCP Connection(2)-127.0.0.1:1153 ] - [ INFO ]  Loading properties file from file [C:\Program Files\java\tomcat8\apache-tomcat-7.0.73\webapps\upm-api\WEB-INF\classes\config\jdbc.properties]
2017-05-02 13:53:04  [ RMI TCP Connection(2)-127.0.0.1:1154 ] - [ INFO ]  Loading properties file from file [C:\Program Files\java\tomcat8\apache-tomcat-7.0.73\webapps\upm-api\WEB-INF\classes\config\sys.properties]
2017-05-02 13:53:04  [ MLog-Init-Reporter:1342 ] - [ INFO ]  MLog clients using slf4j logging.
2017-05-02 13:53:04  [ RMI TCP Connection(2)-127.0.0.1:1408 ] - [ INFO ]  Initializing c3p0-0.9.5.2 [built 08-December-2015 22:06:04 -0800; debug? true; trace: 10]
2017-05-02 13:53:04  [ RMI TCP Connection(2)-127.0.0.1:2024 ] - [ INFO ]  Root WebApplicationContext: initialization completed in 2017 ms
2017-05-02 13:53:05  [ RMI TCP Connection(2)-127.0.0.1:2113 ] - [ INFO ]  FrameworkServlet 'springDispatcherServlet': initialization started
2017-05-02 13:53:05  [ RMI TCP Connection(2)-127.0.0.1:2117 ] - [ INFO ]  Refreshing WebApplicationContext for namespace 'springDispatcherServlet-servlet': startup date [Tue May 02 13:53:05 CST 2017]; parent: Root WebApplicationContext
2017-05-02 13:53:05  [ RMI TCP Connection(2)-127.0.0.1:2118 ] - [ INFO ]  Loading XML bean definitions from class path resource [config/applicationContext.xml]
2017-05-02 13:53:10  [ RMI TCP Connection(2)-127.0.0.1:7457 ] - [ INFO ]  Mapped "{[/v1.0/crud/{bookId}],methods=[DELETE]}" onto public com.bsg.api.util.RespJson com.bsg.api.controller.CurdController.remove(javax.servlet.http.HttpServletRequest,java.lang.String) throws com.bsg.api.exception.BookNotFoundException
2017-05-02 13:53:10  [ RMI TCP Connection(2)-127.0.0.1:7459 ] - [ INFO ]  Mapped "{[/v1.0/crud/{bookId}],methods=[PUT]}" onto public com.bsg.api.util.RespJson com.bsg.api.controller.CurdController.update(javax.servlet.http.HttpServletRequest,java.lang.String,java.util.Map<java.lang.String, java.lang.Object>) throws com.bsg.api.exception.APIException
2017-05-02 13:53:10  [ RMI TCP Connection(2)-127.0.0.1:7459 ] - [ INFO ]  Mapped "{[/v1.0/crud],methods=[GET]}" onto public com.bsg.api.util.RespJson com.bsg.api.controller.CurdController.list(javax.servlet.http.HttpServletRequest,java.util.Map<java.lang.String, java.lang.Object>) throws com.bsg.api.exception.APIException
2017-05-02 13:53:10  [ RMI TCP Connection(2)-127.0.0.1:7460 ] - [ INFO ]  Mapped "{[/v1.0/crud],methods=[POST]}" onto public com.bsg.api.util.RespJson com.bsg.api.controller.CurdController.save(javax.servlet.http.HttpServletRequest,java.util.Map<java.lang.String, java.lang.Object>) throws com.bsg.api.exception.APIException
2017-05-02 13:53:10  [ RMI TCP Connection(2)-127.0.0.1:7461 ] - [ INFO ]  Mapped "{[/v1.0/exception/{bookId}],methods=[PUT]}" onto public com.bsg.api.util.RespJson com.bsg.api.controller.ExceptionController.update(javax.servlet.http.HttpServletRequest,java.lang.String,java.util.Map<java.lang.String, java.lang.Object>) throws com.bsg.api.exception.APIException
2017-05-02 13:53:10  [ RMI TCP Connection(2)-127.0.0.1:7462 ] - [ INFO ]  Mapped "{[/v1.0/exception/{bookId}],methods=[DELETE]}" onto public com.bsg.api.util.RespJson com.bsg.api.controller.ExceptionController.fiveExceptin()
2017-05-02 13:53:10  [ RMI TCP Connection(2)-127.0.0.1:7464 ] - [ INFO ]  Mapped "{[/V1.0/file/upload],methods=[POST]}" onto public com.bsg.api.util.RespJson com.bsg.api.controller.FileController.fileUpload(javax.servlet.http.HttpServletRequest) throws java.lang.IllegalStateException,java.io.IOException,com.bsg.api.exception.APIException
2017-05-02 13:53:10  [ RMI TCP Connection(2)-127.0.0.1:7464 ] - [ INFO ]  Mapped "{[/V1.0/file/download],methods=[GET]}" onto public com.bsg.api.util.RespJson com.bsg.api.controller.FileController.fileDownload()
2017-05-02 13:53:10  [ RMI TCP Connection(2)-127.0.0.1:7466 ] - [ INFO ]  Mapped "{[/v1.0/http],methods=[GET]}" onto public com.bsg.api.util.RespJson com.bsg.api.controller.HttpClientController.getHttpClient(javax.servlet.http.HttpServletRequest,java.util.Map<java.lang.String, java.lang.Object>)
2017-05-02 13:53:10  [ RMI TCP Connection(2)-127.0.0.1:7466 ] - [ INFO ]  Mapped "{[/v1.0/http],methods=[POST]}" onto public com.bsg.api.util.RespJson com.bsg.api.controller.HttpClientController.postHttpClient(javax.servlet.http.HttpServletRequest,java.util.Map<java.lang.String, java.lang.Object>)
2017-05-02 13:53:10  [ RMI TCP Connection(2)-127.0.0.1:7468 ] - [ INFO ]  Mapped "{[/v1.0/info/syn]}" onto public com.bsg.api.util.RespJson com.bsg.api.controller.InfoController.synInfo()
2017-05-02 13:53:10  [ RMI TCP Connection(2)-127.0.0.1:7468 ] - [ INFO ]  Mapped "{[/v1.0/info/asyn]}" onto public com.bsg.api.util.RespJson com.bsg.api.controller.InfoController.asynInfo()
2017-05-02 13:53:10  [ RMI TCP Connection(2)-127.0.0.1:7469 ] - [ INFO ]  Mapped "{[/v1.0/log/{type}],methods=[GET]}" onto public com.bsg.api.util.RespJson com.bsg.api.controller.LogController.list(javax.servlet.http.HttpServletRequest,java.lang.String) throws com.bsg.api.exception.APIException
2017-05-02 13:53:10  [ RMI TCP Connection(2)-127.0.0.1:7477 ] - [ INFO ]  Mapped "{[/v1.0/param],methods=[GET]}" onto public com.bsg.api.util.RespJson com.bsg.api.controller.LoginController.loginByGet(javax.servlet.http.HttpServletRequest,java.util.Map<java.lang.String, java.lang.Object>)
2017-05-02 13:53:10  [ RMI TCP Connection(2)-127.0.0.1:7478 ] - [ INFO ]  Mapped "{[/v1.0/{param}],methods=[GET]}" onto public com.bsg.api.util.RespJson com.bsg.api.controller.LoginController.loginByUrl(javax.servlet.http.HttpServletRequest,java.lang.String)
2017-05-02 13:53:10  [ RMI TCP Connection(2)-127.0.0.1:7478 ] - [ INFO ]  Mapped "{[/v1.0/login],methods=[POST]}" onto public com.bsg.api.util.RespJson com.bsg.api.controller.LoginController.login(javax.servlet.http.HttpServletRequest,java.util.Map<java.lang.String, java.lang.Object>)
2017-05-02 13:53:10  [ RMI TCP Connection(2)-127.0.0.1:7479 ] - [ INFO ]  Mapped "{[/v1.0/select/curd],methods=[GET]}" onto public com.bsg.api.util.RespJson com.bsg.api.controller.SelectController.list(javax.servlet.http.HttpServletRequest)
2017-05-02 13:53:10  [ RMI TCP Connection(2)-127.0.0.1:7482 ] - [ INFO ]  Mapped "{[/v1.0/book/list],methods=[GET]}" onto public com.bsg.api.util.RespJson com.bsg.api.controller.TransactionalController.list(javax.servlet.http.HttpServletRequest,java.util.Map<java.lang.String, java.lang.Object>)
2017-05-02 13:53:10  [ RMI TCP Connection(2)-127.0.0.1:7482 ] - [ INFO ]  Mapped "{[/v1.0/book/update/oneTx],methods=[POST]}" onto public com.bsg.api.util.RespJson com.bsg.api.controller.TransactionalController.updateBookByOneTx(javax.servlet.http.HttpServletRequest,java.util.Map<java.lang.String, java.lang.Object>)
2017-05-02 13:53:10  [ RMI TCP Connection(2)-127.0.0.1:7484 ] - [ INFO ]  Mapped "{[/v1.0/book/update/moreTx],methods=[POST]}" onto public com.bsg.api.util.RespJson com.bsg.api.controller.TransactionalController.updateBookByMoreTx(javax.servlet.http.HttpServletRequest,java.util.Map<java.lang.String, java.lang.Object>)
2017-05-02 13:53:11  [ RMI TCP Connection(2)-127.0.0.1:8366 ] - [ INFO ]  Looking for @ControllerAdvice: WebApplicationContext for namespace 'springDispatcherServlet-servlet': startup date [Tue May 02 13:53:05 CST 2017]; parent: Root WebApplicationContext
2017-05-02 13:53:11  [ RMI TCP Connection(2)-127.0.0.1:8468 ] - [ INFO ]  Looking for @ControllerAdvice: WebApplicationContext for namespace 'springDispatcherServlet-servlet': startup date [Tue May 02 13:53:05 CST 2017]; parent: Root WebApplicationContext
2017-05-02 13:53:11  [ RMI TCP Connection(2)-127.0.0.1:8712 ] - [ INFO ]  FrameworkServlet 'springDispatcherServlet': initialization completed in 6599 ms
2017-05-02 14:06:58  [ main:0 ] - [ INFO ]  Refreshing org.springframework.context.support.ClassPathXmlApplicationContext@d7b1517: startup date [Tue May 02 14:06:58 CST 2017]; root of context hierarchy
2017-05-02 14:06:58  [ main:121 ] - [ INFO ]  Loading XML bean definitions from class path resource [spring-redis.xml]
2017-05-02 14:15:45  [ main:0 ] - [ INFO ]  Refreshing org.springframework.context.support.ClassPathXmlApplicationContext@23223dd8: startup date [Tue May 02 14:15:45 CST 2017]; root of context hierarchy
2017-05-02 14:15:45  [ main:137 ] - [ INFO ]  Loading XML bean definitions from class path resource [spring-redis.xml]
2017-05-02 14:16:02  [ main:0 ] - [ INFO ]  Refreshing org.springframework.context.support.ClassPathXmlApplicationContext@23223dd8: startup date [Tue May 02 14:16:02 CST 2017]; root of context hierarchy
2017-05-02 14:16:02  [ main:130 ] - [ INFO ]  Loading XML bean definitions from class path resource [spring-redis.xml]
2017-05-02 14:16:12  [ main:0 ] - [ INFO ]  Refreshing org.springframework.context.support.ClassPathXmlApplicationContext@23223dd8: startup date [Tue May 02 14:16:12 CST 2017]; root of context hierarchy
2017-05-02 14:16:13  [ main:160 ] - [ INFO ]  Loading XML bean definitions from class path resource [spring-redis.xml]
2017-05-02 14:20:21  [ main:0 ] - [ INFO ]  Refreshing org.springframework.context.support.ClassPathXmlApplicationContext@23223dd8: startup date [Tue May 02 14:20:21 CST 2017]; root of context hierarchy
2017-05-02 14:20:21  [ main:111 ] - [ INFO ]  Loading XML bean definitions from class path resource [config/spring-redis.xml]
2017-05-02 14:46:38  [ main:1 ] - [ INFO ]  Refreshing org.springframework.context.support.ClassPathXmlApplicationContext@23223dd8: startup date [Tue May 02 14:46:38 CST 2017]; root of context hierarchy
2017-05-02 14:46:38  [ main:155 ] - [ INFO ]  Loading XML bean definitions from class path resource [config/spring-redis.xml]
2017-05-02 14:52:58  [ main:0 ] - [ INFO ]  Refreshing org.springframework.context.support.ClassPathXmlApplicationContext@7cf10a6f: startup date [Tue May 02 14:52:58 CST 2017]; root of context hierarchy
2017-05-02 14:52:58  [ main:135 ] - [ INFO ]  Loading XML bean definitions from class path resource [config/spring-redis.xml]
2017-05-02 14:54:19  [ main:0 ] - [ INFO ]  Refreshing org.springframework.context.support.ClassPathXmlApplicationContext@7cf10a6f: startup date [Tue May 02 14:54:19 CST 2017]; root of context hierarchy
2017-05-02 14:54:19  [ main:122 ] - [ INFO ]  Loading XML bean definitions from class path resource [config/spring-redis.xml]
2017-05-02 15:09:05  [ main:0 ] - [ INFO ]  Refreshing org.springframework.context.support.ClassPathXmlApplicationContext@7cf10a6f: startup date [Tue May 02 15:09:05 CST 2017]; root of context hierarchy
2017-05-02 15:09:05  [ main:141 ] - [ INFO ]  Loading XML bean definitions from class path resource [config/spring-redis.xml]
2017-05-02 15:10:23  [ main:0 ] - [ INFO ]  Refreshing org.springframework.context.support.ClassPathXmlApplicationContext@23223dd8: startup date [Tue May 02 15:10:23 CST 2017]; root of context hierarchy
2017-05-02 15:10:23  [ main:133 ] - [ INFO ]  Loading XML bean definitions from class path resource [config/spring-redis.xml]
2017-05-02 15:27:49  [ main:0 ] - [ INFO ]  Refreshing org.springframework.context.support.ClassPathXmlApplicationContext@7cf10a6f: startup date [Tue May 02 15:27:49 CST 2017]; root of context hierarchy
2017-05-02 15:27:50  [ main:135 ] - [ INFO ]  Loading XML bean definitions from class path resource [config/spring-redis.xml]
2017-05-02 15:29:02  [ main:0 ] - [ INFO ]  Refreshing org.springframework.context.support.ClassPathXmlApplicationContext@7cf10a6f: startup date [Tue May 02 15:29:02 CST 2017]; root of context hierarchy
2017-05-02 15:29:02  [ main:116 ] - [ INFO ]  Loading XML bean definitions from class path resource [config/spring-redis.xml]
2017-05-02 15:30:00  [ main:0 ] - [ INFO ]  Refreshing org.springframework.context.support.ClassPathXmlApplicationContext@7cf10a6f: startup date [Tue May 02 15:30:00 CST 2017]; root of context hierarchy
2017-05-02 15:30:00  [ main:122 ] - [ INFO ]  Loading XML bean definitions from class path resource [spring-redis.xml]
2017-05-02 15:31:48  [ main:0 ] - [ INFO ]  Refreshing org.springframework.context.support.ClassPathXmlApplicationContext@7cf10a6f: startup date [Tue May 02 15:31:48 CST 2017]; root of context hierarchy
2017-05-02 15:31:48  [ main:131 ] - [ INFO ]  Loading XML bean definitions from class path resource [config/spring-redis.xml]
2017-05-02 15:36:02  [ main:0 ] - [ INFO ]  Refreshing org.springframework.context.support.ClassPathXmlApplicationContext@7cf10a6f: startup date [Tue May 02 15:36:02 CST 2017]; root of context hierarchy
2017-05-02 15:36:02  [ main:117 ] - [ INFO ]  Loading XML bean definitions from class path resource [config/spring-redis.xml]
2017-05-02 15:50:17  [ main:0 ] - [ INFO ]  Refreshing org.springframework.context.support.ClassPathXmlApplicationContext@23223dd8: startup date [Tue May 02 15:50:17 CST 2017]; root of context hierarchy
2017-05-02 15:50:17  [ main:121 ] - [ INFO ]  Loading XML bean definitions from class path resource [config/spring-redis.xml]
2017-05-02 15:57:06  [ main:0 ] - [ INFO ]  Refreshing org.springframework.context.support.ClassPathXmlApplicationContext@6ea6d14e: startup date [Tue May 02 15:57:06 CST 2017]; root of context hierarchy
2017-05-02 15:57:06  [ main:110 ] - [ INFO ]  Loading XML bean definitions from class path resource [config/spring-redis.xml]
2017-05-02 16:20:13  [ main:0 ] - [ INFO ]  Refreshing org.springframework.context.support.ClassPathXmlApplicationContext@6ea6d14e: startup date [Tue May 02 16:20:13 CST 2017]; root of context hierarchy
2017-05-02 16:20:13  [ main:140 ] - [ INFO ]  Loading XML bean definitions from class path resource [config/spring-redis.xml]
2017-05-02 16:20:24  [ localhost-startStop-2:8841207 ] - [ INFO ]  Closing WebApplicationContext for namespace 'springDispatcherServlet-servlet': startup date [Tue May 02 13:53:05 CST 2017]; parent: Root WebApplicationContext
2017-05-02 16:20:24  [ localhost-startStop-2:8841331 ] - [ INFO ]  Closing Root WebApplicationContext: startup date [Tue May 02 13:53:02 CST 2017]; root of context hierarchy
2017-05-02 16:20:49  [ RMI TCP Connection(3)-127.0.0.1:0 ] - [ INFO ]  Root WebApplicationContext: initialization started
2017-05-02 16:20:49  [ RMI TCP Connection(3)-127.0.0.1:97 ] - [ INFO ]  Refreshing Root WebApplicationContext: startup date [Tue May 02 16:20:49 CST 2017]; root of context hierarchy
2017-05-02 16:20:49  [ RMI TCP Connection(3)-127.0.0.1:181 ] - [ INFO ]  Loading XML bean definitions from class path resource [config/spring-redis.xml]
2017-05-02 16:20:50  [ RMI TCP Connection(3)-127.0.0.1:845 ] - [ INFO ]  Root WebApplicationContext: initialization completed in 844 ms
2017-05-02 16:20:50  [ RMI TCP Connection(3)-127.0.0.1:972 ] - [ INFO ]  FrameworkServlet 'springDispatcherServlet': initialization started
2017-05-02 16:20:50  [ RMI TCP Connection(3)-127.0.0.1:979 ] - [ INFO ]  Refreshing WebApplicationContext for namespace 'springDispatcherServlet-servlet': startup date [Tue May 02 16:20:50 CST 2017]; parent: Root WebApplicationContext
2017-05-02 16:20:50  [ RMI TCP Connection(3)-127.0.0.1:980 ] - [ INFO ]  Loading XML bean definitions from class path resource [config/applicationContext.xml]
2017-05-02 16:20:53  [ RMI TCP Connection(3)-127.0.0.1:4217 ] - [ WARN ]  Exception encountered during context initialization - cancelling refresh attempt: org.springframework.beans.factory.BeanCreationException: Error creating bean with name 'curdController': Injection of resource dependencies failed; nested exception is org.springframework.beans.factory.BeanCreationException: Error creating bean with name 'curdBookService': Injection of resource dependencies failed; nested exception is org.springframework.beans.factory.NoSuchBeanDefinitionException: No qualifying bean of type 'com.bsg.api.dao.OperatelogDao' available: expected at least 1 bean which qualifies as autowire candidate. Dependency annotations: {@javax.annotation.Resource(shareable=true, lookup=, name=, description=, authenticationType=CONTAINER, type=class java.lang.Object, mappedName=)}
2017-05-02 16:20:53  [ RMI TCP Connection(3)-127.0.0.1:4219 ] - [ ERROR ]  Context initialization failed
org.springframework.beans.factory.BeanCreationException: Error creating bean with name 'curdController': Injection of resource dependencies failed; nested exception is org.springframework.beans.factory.BeanCreationException: Error creating bean with name 'curdBookService': Injection of resource dependencies failed; nested exception is org.springframework.beans.factory.NoSuchBeanDefinitionException: No qualifying bean of type 'com.bsg.api.dao.OperatelogDao' available: expected at least 1 bean which qualifies as autowire candidate. Dependency annotations: {@javax.annotation.Resource(shareable=true, lookup=, name=, description=, authenticationType=CONTAINER, type=class java.lang.Object, mappedName=)}
	at org.springframework.context.annotation.CommonAnnotationBeanPostProcessor.postProcessPropertyValues(CommonAnnotationBeanPostProcessor.java:321)
	at org.springframework.beans.factory.support.AbstractAutowireCapableBeanFactory.populateBean(AbstractAutowireCapableBeanFactory.java:1264)
	at org.springframework.beans.factory.support.AbstractAutowireCapableBeanFactory.doCreateBean(AbstractAutowireCapableBeanFactory.java:553)
	at org.springframework.beans.factory.support.AbstractAutowireCapableBeanFactory.createBean(AbstractAutowireCapableBeanFactory.java:483)
	at org.springframework.beans.factory.support.AbstractBeanFactory$1.getObject(AbstractBeanFactory.java:306)
	at org.springframework.beans.factory.support.DefaultSingletonBeanRegistry.getSingleton(DefaultSingletonBeanRegistry.java:230)
	at org.springframework.beans.factory.support.AbstractBeanFactory.doGetBean(AbstractBeanFactory.java:302)
	at org.springframework.beans.factory.support.AbstractBeanFactory.getBean(AbstractBeanFactory.java:197)
	at org.springframework.beans.factory.support.DefaultListableBeanFactory.preInstantiateSingletons(DefaultListableBeanFactory.java:761)
	at org.springframework.context.support.AbstractApplicationContext.finishBeanFactoryInitialization(AbstractApplicationContext.java:866)
	at org.springframework.context.support.AbstractApplicationContext.refresh(AbstractApplicationContext.java:542)
	at org.springframework.web.servlet.FrameworkServlet.configureAndRefreshWebApplicationContext(FrameworkServlet.java:668)
	at org.springframework.web.servlet.FrameworkServlet.createWebApplicationContext(FrameworkServlet.java:634)
	at org.springframework.web.servlet.FrameworkServlet.createWebApplicationContext(FrameworkServlet.java:682)
	at org.springframework.web.servlet.FrameworkServlet.initWebApplicationContext(FrameworkServlet.java:553)
	at org.springframework.web.servlet.FrameworkServlet.initServletBean(FrameworkServlet.java:494)
	at org.springframework.web.servlet.HttpServletBean.init(HttpServletBean.java:136)
	at javax.servlet.GenericServlet.init(GenericServlet.java:158)
	at org.apache.catalina.core.StandardWrapper.initServlet(StandardWrapper.java:1269)
	at org.apache.catalina.core.StandardWrapper.loadServlet(StandardWrapper.java:1182)
	at org.apache.catalina.core.StandardWrapper.load(StandardWrapper.java:1072)
	at org.apache.catalina.core.StandardContext.loadOnStartup(StandardContext.java:5368)
	at org.apache.catalina.core.StandardContext.startInternal(StandardContext.java:5660)
	at org.apache.catalina.util.LifecycleBase.start(LifecycleBase.java:145)
	at org.apache.catalina.core.ContainerBase.addChildInternal(ContainerBase.java:899)
	at org.apache.catalina.core.ContainerBase.addChild(ContainerBase.java:875)
	at org.apache.catalina.core.StandardHost.addChild(StandardHost.java:652)
	at org.apache.catalina.startup.HostConfig.manageApp(HostConfig.java:1863)
	at sun.reflect.NativeMethodAccessorImpl.invoke0(Native Method)
	at sun.reflect.NativeMethodAccessorImpl.invoke(NativeMethodAccessorImpl.java:62)
	at sun.reflect.DelegatingMethodAccessorImpl.invoke(DelegatingMethodAccessorImpl.java:43)
	at java.lang.reflect.Method.invoke(Method.java:497)
	at org.apache.tomcat.util.modeler.BaseModelMBean.invoke(BaseModelMBean.java:301)
	at com.sun.jmx.interceptor.DefaultMBeanServerInterceptor.invoke(DefaultMBeanServerInterceptor.java:819)
	at com.sun.jmx.mbeanserver.JmxMBeanServer.invoke(JmxMBeanServer.java:801)
	at org.apache.catalina.mbeans.MBeanFactory.createStandardContext(MBeanFactory.java:618)
	at org.apache.catalina.mbeans.MBeanFactory.createStandardContext(MBeanFactory.java:565)
	at sun.reflect.NativeMethodAccessorImpl.invoke0(Native Method)
	at sun.reflect.NativeMethodAccessorImpl.invoke(NativeMethodAccessorImpl.java:62)
	at sun.reflect.DelegatingMethodAccessorImpl.invoke(DelegatingMethodAccessorImpl.java:43)
	at java.lang.reflect.Method.invoke(Method.java:497)
	at org.apache.tomcat.util.modeler.BaseModelMBean.invoke(BaseModelMBean.java:301)
	at com.sun.jmx.interceptor.DefaultMBeanServerInterceptor.invoke(DefaultMBeanServerInterceptor.java:819)
	at com.sun.jmx.mbeanserver.JmxMBeanServer.invoke(JmxMBeanServer.java:801)
	at javax.management.remote.rmi.RMIConnectionImpl.doOperation(RMIConnectionImpl.java:1466)
	at javax.management.remote.rmi.RMIConnectionImpl.access$300(RMIConnectionImpl.java:76)
	at javax.management.remote.rmi.RMIConnectionImpl$PrivilegedOperation.run(RMIConnectionImpl.java:1307)
	at javax.management.remote.rmi.RMIConnectionImpl.doPrivilegedOperation(RMIConnectionImpl.java:1399)
	at javax.management.remote.rmi.RMIConnectionImpl.invoke(RMIConnectionImpl.java:828)
	at sun.reflect.NativeMethodAccessorImpl.invoke0(Native Method)
	at sun.reflect.NativeMethodAccessorImpl.invoke(NativeMethodAccessorImpl.java:62)
	at sun.reflect.DelegatingMethodAccessorImpl.invoke(DelegatingMethodAccessorImpl.java:43)
	at java.lang.reflect.Method.invoke(Method.java:497)
	at sun.rmi.server.UnicastServerRef.dispatch(UnicastServerRef.java:323)
	at sun.rmi.transport.Transport$1.run(Transport.java:200)
	at sun.rmi.transport.Transport$1.run(Transport.java:197)
	at java.security.AccessController.doPrivileged(Native Method)
	at sun.rmi.transport.Transport.serviceCall(Transport.java:196)
	at sun.rmi.transport.tcp.TCPTransport.handleMessages(TCPTransport.java:568)
	at sun.rmi.transport.tcp.TCPTransport$ConnectionHandler.run0(TCPTransport.java:826)
	at sun.rmi.transport.tcp.TCPTransport$ConnectionHandler.lambda$run$254(TCPTransport.java:683)
	at sun.rmi.transport.tcp.TCPTransport$ConnectionHandler$$Lambda$1/1831011491.run(Unknown Source)
	at java.security.AccessController.doPrivileged(Native Method)
	at sun.rmi.transport.tcp.TCPTransport$ConnectionHandler.run(TCPTransport.java:682)
	at java.util.concurrent.ThreadPoolExecutor.runWorker(ThreadPoolExecutor.java:1142)
	at java.util.concurrent.ThreadPoolExecutor$Worker.run(ThreadPoolExecutor.java:617)
	at java.lang.Thread.run(Thread.java:745)
Caused by: org.springframework.beans.factory.BeanCreationException: Error creating bean with name 'curdBookService': Injection of resource dependencies failed; nested exception is org.springframework.beans.factory.NoSuchBeanDefinitionException: No qualifying bean of type 'com.bsg.api.dao.OperatelogDao' available: expected at least 1 bean which qualifies as autowire candidate. Dependency annotations: {@javax.annotation.Resource(shareable=true, lookup=, name=, description=, authenticationType=CONTAINER, type=class java.lang.Object, mappedName=)}
	at org.springframework.context.annotation.CommonAnnotationBeanPostProcessor.postProcessPropertyValues(CommonAnnotationBeanPostProcessor.java:321)
	at org.springframework.beans.factory.support.AbstractAutowireCapableBeanFactory.populateBean(AbstractAutowireCapableBeanFactory.java:1264)
	at org.springframework.beans.factory.support.AbstractAutowireCapableBeanFactory.doCreateBean(AbstractAutowireCapableBeanFactory.java:553)
	at org.springframework.beans.factory.support.AbstractAutowireCapableBeanFactory.createBean(AbstractAutowireCapableBeanFactory.java:483)
	at org.springframework.beans.factory.support.AbstractBeanFactory$1.getObject(AbstractBeanFactory.java:306)
	at org.springframework.beans.factory.support.DefaultSingletonBeanRegistry.getSingleton(DefaultSingletonBeanRegistry.java:230)
	at org.springframework.beans.factory.support.AbstractBeanFactory.doGetBean(AbstractBeanFactory.java:302)
	at org.springframework.beans.factory.support.AbstractBeanFactory.getBean(AbstractBeanFactory.java:202)
	at org.springframework.context.annotation.CommonAnnotationBeanPostProcessor.autowireResource(CommonAnnotationBeanPostProcessor.java:522)
	at org.springframework.context.annotation.CommonAnnotationBeanPostProcessor.getResource(CommonAnnotationBeanPostProcessor.java:496)
	at org.springframework.context.annotation.CommonAnnotationBeanPostProcessor$ResourceElement.getResourceToInject(CommonAnnotationBeanPostProcessor.java:627)
	at org.springframework.beans.factory.annotation.InjectionMetadata$InjectedElement.inject(InjectionMetadata.java:169)
	at org.springframework.beans.factory.annotation.InjectionMetadata.inject(InjectionMetadata.java:88)
	at org.springframework.context.annotation.CommonAnnotationBeanPostProcessor.postProcessPropertyValues(CommonAnnotationBeanPostProcessor.java:318)
	... 66 more
Caused by: org.springframework.beans.factory.NoSuchBeanDefinitionException: No qualifying bean of type 'com.bsg.api.dao.OperatelogDao' available: expected at least 1 bean which qualifies as autowire candidate. Dependency annotations: {@javax.annotation.Resource(shareable=true, lookup=, name=, description=, authenticationType=CONTAINER, type=class java.lang.Object, mappedName=)}
	at org.springframework.beans.factory.support.DefaultListableBeanFactory.raiseNoMatchingBeanFound(DefaultListableBeanFactory.java:1486)
	at org.springframework.beans.factory.support.DefaultListableBeanFactory.doResolveDependency(DefaultListableBeanFactory.java:1104)
	at org.springframework.beans.factory.support.DefaultListableBeanFactory.resolveDependency(DefaultListableBeanFactory.java:1066)
	at org.springframework.context.annotation.CommonAnnotationBeanPostProcessor.autowireResource(CommonAnnotationBeanPostProcessor.java:518)
	at org.springframework.context.annotation.CommonAnnotationBeanPostProcessor.getResource(CommonAnnotationBeanPostProcessor.java:496)
	at org.springframework.context.annotation.CommonAnnotationBeanPostProcessor$ResourceElement.getResourceToInject(CommonAnnotationBeanPostProcessor.java:627)
	at org.springframework.beans.factory.annotation.InjectionMetadata$InjectedElement.inject(InjectionMetadata.java:169)
	at org.springframework.beans.factory.annotation.InjectionMetadata.inject(InjectionMetadata.java:88)
	at org.springframework.context.annotation.CommonAnnotationBeanPostProcessor.postProcessPropertyValues(CommonAnnotationBeanPostProcessor.java:318)
	... 79 more
2017-05-02 16:21:32  [ localhost-startStop-2:42822 ] - [ INFO ]  Closing Root WebApplicationContext: startup date [Tue May 02 16:20:49 CST 2017]; root of context hierarchy
2017-05-02 16:21:52  [ RMI TCP Connection(3)-127.0.0.1:0 ] - [ INFO ]  Root WebApplicationContext: initialization started
2017-05-02 16:21:52  [ RMI TCP Connection(3)-127.0.0.1:92 ] - [ INFO ]  Refreshing Root WebApplicationContext: startup date [Tue May 02 16:21:52 CST 2017]; root of context hierarchy
2017-05-02 16:21:52  [ RMI TCP Connection(3)-127.0.0.1:163 ] - [ INFO ]  Loading XML bean definitions from class path resource [config/spring-redis.xml]
2017-05-02 16:21:52  [ RMI TCP Connection(3)-127.0.0.1:770 ] - [ INFO ]  Root WebApplicationContext: initialization completed in 770 ms
2017-05-02 16:21:52  [ RMI TCP Connection(3)-127.0.0.1:864 ] - [ INFO ]  FrameworkServlet 'springDispatcherServlet': initialization started
2017-05-02 16:21:52  [ RMI TCP Connection(3)-127.0.0.1:871 ] - [ INFO ]  Refreshing WebApplicationContext for namespace 'springDispatcherServlet-servlet': startup date [Tue May 02 16:21:52 CST 2017]; parent: Root WebApplicationContext
2017-05-02 16:21:52  [ RMI TCP Connection(3)-127.0.0.1:871 ] - [ INFO ]  Loading XML bean definitions from class path resource [config/applicationContext.xml]
2017-05-02 16:21:56  [ RMI TCP Connection(3)-127.0.0.1:4252 ] - [ WARN ]  Exception encountered during context initialization - cancelling refresh attempt: org.springframework.beans.factory.BeanCreationException: Error creating bean with name 'curdController': Injection of resource dependencies failed; nested exception is org.springframework.beans.factory.BeanCreationException: Error creating bean with name 'curdBookService': Injection of resource dependencies failed; nested exception is org.springframework.beans.factory.NoSuchBeanDefinitionException: No qualifying bean of type 'com.bsg.api.dao.OperatelogDao' available: expected at least 1 bean which qualifies as autowire candidate. Dependency annotations: {@javax.annotation.Resource(shareable=true, lookup=, name=, description=, authenticationType=CONTAINER, type=class java.lang.Object, mappedName=)}
2017-05-02 16:21:56  [ RMI TCP Connection(3)-127.0.0.1:4254 ] - [ ERROR ]  Context initialization failed
org.springframework.beans.factory.BeanCreationException: Error creating bean with name 'curdController': Injection of resource dependencies failed; nested exception is org.springframework.beans.factory.BeanCreationException: Error creating bean with name 'curdBookService': Injection of resource dependencies failed; nested exception is org.springframework.beans.factory.NoSuchBeanDefinitionException: No qualifying bean of type 'com.bsg.api.dao.OperatelogDao' available: expected at least 1 bean which qualifies as autowire candidate. Dependency annotations: {@javax.annotation.Resource(shareable=true, lookup=, name=, description=, authenticationType=CONTAINER, type=class java.lang.Object, mappedName=)}
	at org.springframework.context.annotation.CommonAnnotationBeanPostProcessor.postProcessPropertyValues(CommonAnnotationBeanPostProcessor.java:321)
	at org.springframework.beans.factory.support.AbstractAutowireCapableBeanFactory.populateBean(AbstractAutowireCapableBeanFactory.java:1264)
	at org.springframework.beans.factory.support.AbstractAutowireCapableBeanFactory.doCreateBean(AbstractAutowireCapableBeanFactory.java:553)
	at org.springframework.beans.factory.support.AbstractAutowireCapableBeanFactory.createBean(AbstractAutowireCapableBeanFactory.java:483)
	at org.springframework.beans.factory.support.AbstractBeanFactory$1.getObject(AbstractBeanFactory.java:306)
	at org.springframework.beans.factory.support.DefaultSingletonBeanRegistry.getSingleton(DefaultSingletonBeanRegistry.java:230)
	at org.springframework.beans.factory.support.AbstractBeanFactory.doGetBean(AbstractBeanFactory.java:302)
	at org.springframework.beans.factory.support.AbstractBeanFactory.getBean(AbstractBeanFactory.java:197)
	at org.springframework.beans.factory.support.DefaultListableBeanFactory.preInstantiateSingletons(DefaultListableBeanFactory.java:761)
	at org.springframework.context.support.AbstractApplicationContext.finishBeanFactoryInitialization(AbstractApplicationContext.java:866)
	at org.springframework.context.support.AbstractApplicationContext.refresh(AbstractApplicationContext.java:542)
	at org.springframework.web.servlet.FrameworkServlet.configureAndRefreshWebApplicationContext(FrameworkServlet.java:668)
	at org.springframework.web.servlet.FrameworkServlet.createWebApplicationContext(FrameworkServlet.java:634)
	at org.springframework.web.servlet.FrameworkServlet.createWebApplicationContext(FrameworkServlet.java:682)
	at org.springframework.web.servlet.FrameworkServlet.initWebApplicationContext(FrameworkServlet.java:553)
	at org.springframework.web.servlet.FrameworkServlet.initServletBean(FrameworkServlet.java:494)
	at org.springframework.web.servlet.HttpServletBean.init(HttpServletBean.java:136)
	at javax.servlet.GenericServlet.init(GenericServlet.java:158)
	at org.apache.catalina.core.StandardWrapper.initServlet(StandardWrapper.java:1269)
	at org.apache.catalina.core.StandardWrapper.loadServlet(StandardWrapper.java:1182)
	at org.apache.catalina.core.StandardWrapper.load(StandardWrapper.java:1072)
	at org.apache.catalina.core.StandardContext.loadOnStartup(StandardContext.java:5368)
	at org.apache.catalina.core.StandardContext.startInternal(StandardContext.java:5660)
	at org.apache.catalina.util.LifecycleBase.start(LifecycleBase.java:145)
	at org.apache.catalina.core.ContainerBase.addChildInternal(ContainerBase.java:899)
	at org.apache.catalina.core.ContainerBase.addChild(ContainerBase.java:875)
	at org.apache.catalina.core.StandardHost.addChild(StandardHost.java:652)
	at org.apache.catalina.startup.HostConfig.manageApp(HostConfig.java:1863)
	at sun.reflect.NativeMethodAccessorImpl.invoke0(Native Method)
	at sun.reflect.NativeMethodAccessorImpl.invoke(NativeMethodAccessorImpl.java:62)
	at sun.reflect.DelegatingMethodAccessorImpl.invoke(DelegatingMethodAccessorImpl.java:43)
	at java.lang.reflect.Method.invoke(Method.java:497)
	at org.apache.tomcat.util.modeler.BaseModelMBean.invoke(BaseModelMBean.java:301)
	at com.sun.jmx.interceptor.DefaultMBeanServerInterceptor.invoke(DefaultMBeanServerInterceptor.java:819)
	at com.sun.jmx.mbeanserver.JmxMBeanServer.invoke(JmxMBeanServer.java:801)
	at org.apache.catalina.mbeans.MBeanFactory.createStandardContext(MBeanFactory.java:618)
	at org.apache.catalina.mbeans.MBeanFactory.createStandardContext(MBeanFactory.java:565)
	at sun.reflect.NativeMethodAccessorImpl.invoke0(Native Method)
	at sun.reflect.NativeMethodAccessorImpl.invoke(NativeMethodAccessorImpl.java:62)
	at sun.reflect.DelegatingMethodAccessorImpl.invoke(DelegatingMethodAccessorImpl.java:43)
	at java.lang.reflect.Method.invoke(Method.java:497)
	at org.apache.tomcat.util.modeler.BaseModelMBean.invoke(BaseModelMBean.java:301)
	at com.sun.jmx.interceptor.DefaultMBeanServerInterceptor.invoke(DefaultMBeanServerInterceptor.java:819)
	at com.sun.jmx.mbeanserver.JmxMBeanServer.invoke(JmxMBeanServer.java:801)
	at javax.management.remote.rmi.RMIConnectionImpl.doOperation(RMIConnectionImpl.java:1466)
	at javax.management.remote.rmi.RMIConnectionImpl.access$300(RMIConnectionImpl.java:76)
	at javax.management.remote.rmi.RMIConnectionImpl$PrivilegedOperation.run(RMIConnectionImpl.java:1307)
	at javax.management.remote.rmi.RMIConnectionImpl.doPrivilegedOperation(RMIConnectionImpl.java:1399)
	at javax.management.remote.rmi.RMIConnectionImpl.invoke(RMIConnectionImpl.java:828)
	at sun.reflect.NativeMethodAccessorImpl.invoke0(Native Method)
	at sun.reflect.NativeMethodAccessorImpl.invoke(NativeMethodAccessorImpl.java:62)
	at sun.reflect.DelegatingMethodAccessorImpl.invoke(DelegatingMethodAccessorImpl.java:43)
	at java.lang.reflect.Method.invoke(Method.java:497)
	at sun.rmi.server.UnicastServerRef.dispatch(UnicastServerRef.java:323)
	at sun.rmi.transport.Transport$1.run(Transport.java:200)
	at sun.rmi.transport.Transport$1.run(Transport.java:197)
	at java.security.AccessController.doPrivileged(Native Method)
	at sun.rmi.transport.Transport.serviceCall(Transport.java:196)
	at sun.rmi.transport.tcp.TCPTransport.handleMessages(TCPTransport.java:568)
	at sun.rmi.transport.tcp.TCPTransport$ConnectionHandler.run0(TCPTransport.java:826)
	at sun.rmi.transport.tcp.TCPTransport$ConnectionHandler.lambda$run$254(TCPTransport.java:683)
	at sun.rmi.transport.tcp.TCPTransport$ConnectionHandler$$Lambda$1/788039313.run(Unknown Source)
	at java.security.AccessController.doPrivileged(Native Method)
	at sun.rmi.transport.tcp.TCPTransport$ConnectionHandler.run(TCPTransport.java:682)
	at java.util.concurrent.ThreadPoolExecutor.runWorker(ThreadPoolExecutor.java:1142)
	at java.util.concurrent.ThreadPoolExecutor$Worker.run(ThreadPoolExecutor.java:617)
	at java.lang.Thread.run(Thread.java:745)
Caused by: org.springframework.beans.factory.BeanCreationException: Error creating bean with name 'curdBookService': Injection of resource dependencies failed; nested exception is org.springframework.beans.factory.NoSuchBeanDefinitionException: No qualifying bean of type 'com.bsg.api.dao.OperatelogDao' available: expected at least 1 bean which qualifies as autowire candidate. Dependency annotations: {@javax.annotation.Resource(shareable=true, lookup=, name=, description=, authenticationType=CONTAINER, type=class java.lang.Object, mappedName=)}
	at org.springframework.context.annotation.CommonAnnotationBeanPostProcessor.postProcessPropertyValues(CommonAnnotationBeanPostProcessor.java:321)
	at org.springframework.beans.factory.support.AbstractAutowireCapableBeanFactory.populateBean(AbstractAutowireCapableBeanFactory.java:1264)
	at org.springframework.beans.factory.support.AbstractAutowireCapableBeanFactory.doCreateBean(AbstractAutowireCapableBeanFactory.java:553)
	at org.springframework.beans.factory.support.AbstractAutowireCapableBeanFactory.createBean(AbstractAutowireCapableBeanFactory.java:483)
	at org.springframework.beans.factory.support.AbstractBeanFactory$1.getObject(AbstractBeanFactory.java:306)
	at org.springframework.beans.factory.support.DefaultSingletonBeanRegistry.getSingleton(DefaultSingletonBeanRegistry.java:230)
	at org.springframework.beans.factory.support.AbstractBeanFactory.doGetBean(AbstractBeanFactory.java:302)
	at org.springframework.beans.factory.support.AbstractBeanFactory.getBean(AbstractBeanFactory.java:202)
	at org.springframework.context.annotation.CommonAnnotationBeanPostProcessor.autowireResource(CommonAnnotationBeanPostProcessor.java:522)
	at org.springframework.context.annotation.CommonAnnotationBeanPostProcessor.getResource(CommonAnnotationBeanPostProcessor.java:496)
	at org.springframework.context.annotation.CommonAnnotationBeanPostProcessor$ResourceElement.getResourceToInject(CommonAnnotationBeanPostProcessor.java:627)
	at org.springframework.beans.factory.annotation.InjectionMetadata$InjectedElement.inject(InjectionMetadata.java:169)
	at org.springframework.beans.factory.annotation.InjectionMetadata.inject(InjectionMetadata.java:88)
	at org.springframework.context.annotation.CommonAnnotationBeanPostProcessor.postProcessPropertyValues(CommonAnnotationBeanPostProcessor.java:318)
	... 66 more
Caused by: org.springframework.beans.factory.NoSuchBeanDefinitionException: No qualifying bean of type 'com.bsg.api.dao.OperatelogDao' available: expected at least 1 bean which qualifies as autowire candidate. Dependency annotations: {@javax.annotation.Resource(shareable=true, lookup=, name=, description=, authenticationType=CONTAINER, type=class java.lang.Object, mappedName=)}
	at org.springframework.beans.factory.support.DefaultListableBeanFactory.raiseNoMatchingBeanFound(DefaultListableBeanFactory.java:1486)
	at org.springframework.beans.factory.support.DefaultListableBeanFactory.doResolveDependency(DefaultListableBeanFactory.java:1104)
	at org.springframework.beans.factory.support.DefaultListableBeanFactory.resolveDependency(DefaultListableBeanFactory.java:1066)
	at org.springframework.context.annotation.CommonAnnotationBeanPostProcessor.autowireResource(CommonAnnotationBeanPostProcessor.java:518)
	at org.springframework.context.annotation.CommonAnnotationBeanPostProcessor.getResource(CommonAnnotationBeanPostProcessor.java:496)
	at org.springframework.context.annotation.CommonAnnotationBeanPostProcessor$ResourceElement.getResourceToInject(CommonAnnotationBeanPostProcessor.java:627)
	at org.springframework.beans.factory.annotation.InjectionMetadata$InjectedElement.inject(InjectionMetadata.java:169)
	at org.springframework.beans.factory.annotation.InjectionMetadata.inject(InjectionMetadata.java:88)
	at org.springframework.context.annotation.CommonAnnotationBeanPostProcessor.postProcessPropertyValues(CommonAnnotationBeanPostProcessor.java:318)
	... 79 more
2017-05-02 16:30:44  [ localhost-startStop-2:532195 ] - [ INFO ]  Closing Root WebApplicationContext: startup date [Tue May 02 16:21:52 CST 2017]; root of context hierarchy
2017-05-02 16:31:01  [ RMI TCP Connection(3)-127.0.0.1:1 ] - [ INFO ]  Root WebApplicationContext: initialization started
2017-05-02 16:31:01  [ RMI TCP Connection(3)-127.0.0.1:72 ] - [ INFO ]  Refreshing Root WebApplicationContext: startup date [Tue May 02 16:31:01 CST 2017]; root of context hierarchy
2017-05-02 16:31:01  [ RMI TCP Connection(3)-127.0.0.1:134 ] - [ INFO ]  Loading XML bean definitions from class path resource [config/spring-mybatis.xml]
2017-05-02 16:31:02  [ RMI TCP Connection(3)-127.0.0.1:872 ] - [ INFO ]  Loading properties file from file [C:\Program Files\java\tomcat8\apache-tomcat-7.0.73\webapps\upm-api\WEB-INF\classes\config\jdbc.properties]
2017-05-02 16:31:02  [ RMI TCP Connection(3)-127.0.0.1:872 ] - [ INFO ]  Loading properties file from file [C:\Program Files\java\tomcat8\apache-tomcat-7.0.73\webapps\upm-api\WEB-INF\classes\config\sys.properties]
2017-05-02 16:31:02  [ MLog-Init-Reporter:1068 ] - [ INFO ]  MLog clients using slf4j logging.
2017-05-02 16:31:02  [ RMI TCP Connection(3)-127.0.0.1:1150 ] - [ INFO ]  Initializing c3p0-0.9.5.2 [built 08-December-2015 22:06:04 -0800; debug? true; trace: 10]
2017-05-02 16:31:03  [ RMI TCP Connection(3)-127.0.0.1:2027 ] - [ INFO ]  Root WebApplicationContext: initialization completed in 2026 ms
2017-05-02 16:31:03  [ RMI TCP Connection(3)-127.0.0.1:2101 ] - [ INFO ]  FrameworkServlet 'springDispatcherServlet': initialization started
2017-05-02 16:31:03  [ RMI TCP Connection(3)-127.0.0.1:2105 ] - [ INFO ]  Refreshing WebApplicationContext for namespace 'springDispatcherServlet-servlet': startup date [Tue May 02 16:31:03 CST 2017]; parent: Root WebApplicationContext
2017-05-02 16:31:03  [ RMI TCP Connection(3)-127.0.0.1:2105 ] - [ INFO ]  Loading XML bean definitions from class path resource [config/applicationContext.xml]
2017-05-02 16:31:08  [ RMI TCP Connection(3)-127.0.0.1:6694 ] - [ INFO ]  Mapped "{[/v1.0/crud/{bookId}],methods=[DELETE]}" onto public com.bsg.api.util.RespJson com.bsg.api.controller.CurdController.remove(javax.servlet.http.HttpServletRequest,java.lang.String) throws com.bsg.api.exception.BookNotFoundException
2017-05-02 16:31:08  [ RMI TCP Connection(3)-127.0.0.1:6695 ] - [ INFO ]  Mapped "{[/v1.0/crud/{bookId}],methods=[PUT]}" onto public com.bsg.api.util.RespJson com.bsg.api.controller.CurdController.update(javax.servlet.http.HttpServletRequest,java.lang.String,java.util.Map<java.lang.String, java.lang.Object>) throws com.bsg.api.exception.APIException
2017-05-02 16:31:08  [ RMI TCP Connection(3)-127.0.0.1:6696 ] - [ INFO ]  Mapped "{[/v1.0/crud],methods=[GET]}" onto public com.bsg.api.util.RespJson com.bsg.api.controller.CurdController.list(javax.servlet.http.HttpServletRequest,java.util.Map<java.lang.String, java.lang.Object>) throws com.bsg.api.exception.APIException
2017-05-02 16:31:08  [ RMI TCP Connection(3)-127.0.0.1:6697 ] - [ INFO ]  Mapped "{[/v1.0/crud],methods=[POST]}" onto public com.bsg.api.util.RespJson com.bsg.api.controller.CurdController.save(javax.servlet.http.HttpServletRequest,java.util.Map<java.lang.String, java.lang.Object>) throws com.bsg.api.exception.APIException
2017-05-02 16:31:08  [ RMI TCP Connection(3)-127.0.0.1:6699 ] - [ INFO ]  Mapped "{[/v1.0/exception/{bookId}],methods=[PUT]}" onto public com.bsg.api.util.RespJson com.bsg.api.controller.ExceptionController.update(javax.servlet.http.HttpServletRequest,java.lang.String,java.util.Map<java.lang.String, java.lang.Object>) throws com.bsg.api.exception.APIException
2017-05-02 16:31:08  [ RMI TCP Connection(3)-127.0.0.1:6700 ] - [ INFO ]  Mapped "{[/v1.0/exception/{bookId}],methods=[DELETE]}" onto public com.bsg.api.util.RespJson com.bsg.api.controller.ExceptionController.fiveExceptin()
2017-05-02 16:31:08  [ RMI TCP Connection(3)-127.0.0.1:6702 ] - [ INFO ]  Mapped "{[/V1.0/file/upload],methods=[POST]}" onto public com.bsg.api.util.RespJson com.bsg.api.controller.FileController.fileUpload(javax.servlet.http.HttpServletRequest) throws java.lang.IllegalStateException,java.io.IOException,com.bsg.api.exception.APIException
2017-05-02 16:31:08  [ RMI TCP Connection(3)-127.0.0.1:6703 ] - [ INFO ]  Mapped "{[/V1.0/file/download],methods=[GET]}" onto public com.bsg.api.util.RespJson com.bsg.api.controller.FileController.fileDownload()
2017-05-02 16:31:08  [ RMI TCP Connection(3)-127.0.0.1:6706 ] - [ INFO ]  Mapped "{[/v1.0/http],methods=[GET]}" onto public com.bsg.api.util.RespJson com.bsg.api.controller.HttpClientController.getHttpClient(javax.servlet.http.HttpServletRequest,java.util.Map<java.lang.String, java.lang.Object>)
2017-05-02 16:31:08  [ RMI TCP Connection(3)-127.0.0.1:6707 ] - [ INFO ]  Mapped "{[/v1.0/http],methods=[POST]}" onto public com.bsg.api.util.RespJson com.bsg.api.controller.HttpClientController.postHttpClient(javax.servlet.http.HttpServletRequest,java.util.Map<java.lang.String, java.lang.Object>)
2017-05-02 16:31:08  [ RMI TCP Connection(3)-127.0.0.1:6708 ] - [ INFO ]  Mapped "{[/v1.0/info/asyn]}" onto public com.bsg.api.util.RespJson com.bsg.api.controller.InfoController.asynInfo()
2017-05-02 16:31:08  [ RMI TCP Connection(3)-127.0.0.1:6709 ] - [ INFO ]  Mapped "{[/v1.0/info/syn]}" onto public com.bsg.api.util.RespJson com.bsg.api.controller.InfoController.synInfo()
2017-05-02 16:31:08  [ RMI TCP Connection(3)-127.0.0.1:6710 ] - [ INFO ]  Mapped "{[/v1.0/log/{type}],methods=[GET]}" onto public com.bsg.api.util.RespJson com.bsg.api.controller.LogController.list(javax.servlet.http.HttpServletRequest,java.lang.String) throws com.bsg.api.exception.APIException
2017-05-02 16:31:08  [ RMI TCP Connection(3)-127.0.0.1:6719 ] - [ INFO ]  Mapped "{[/v1.0/login],methods=[POST]}" onto public com.bsg.api.util.RespJson com.bsg.api.controller.LoginController.login(javax.servlet.http.HttpServletRequest,java.util.Map<java.lang.String, java.lang.Object>)
2017-05-02 16:31:08  [ RMI TCP Connection(3)-127.0.0.1:6719 ] - [ INFO ]  Mapped "{[/v1.0/param],methods=[GET]}" onto public com.bsg.api.util.RespJson com.bsg.api.controller.LoginController.loginByGet(javax.servlet.http.HttpServletRequest,java.util.Map<java.lang.String, java.lang.Object>)
2017-05-02 16:31:08  [ RMI TCP Connection(3)-127.0.0.1:6720 ] - [ INFO ]  Mapped "{[/v1.0/{param}],methods=[GET]}" onto public com.bsg.api.util.RespJson com.bsg.api.controller.LoginController.loginByUrl(javax.servlet.http.HttpServletRequest,java.lang.String)
2017-05-02 16:31:08  [ RMI TCP Connection(3)-127.0.0.1:6721 ] - [ INFO ]  Mapped "{[/v1.0/select/curd],methods=[GET]}" onto public com.bsg.api.util.RespJson com.bsg.api.controller.SelectController.list(javax.servlet.http.HttpServletRequest)
2017-05-02 16:31:08  [ RMI TCP Connection(3)-127.0.0.1:6723 ] - [ INFO ]  Mapped "{[/v1.0/book/list],methods=[GET]}" onto public com.bsg.api.util.RespJson com.bsg.api.controller.TransactionalController.list(javax.servlet.http.HttpServletRequest,java.util.Map<java.lang.String, java.lang.Object>)
2017-05-02 16:31:08  [ RMI TCP Connection(3)-127.0.0.1:6724 ] - [ INFO ]  Mapped "{[/v1.0/book/update/oneTx],methods=[POST]}" onto public com.bsg.api.util.RespJson com.bsg.api.controller.TransactionalController.updateBookByOneTx(javax.servlet.http.HttpServletRequest,java.util.Map<java.lang.String, java.lang.Object>)
2017-05-02 16:31:08  [ RMI TCP Connection(3)-127.0.0.1:6725 ] - [ INFO ]  Mapped "{[/v1.0/book/update/moreTx],methods=[POST]}" onto public com.bsg.api.util.RespJson com.bsg.api.controller.TransactionalController.updateBookByMoreTx(javax.servlet.http.HttpServletRequest,java.util.Map<java.lang.String, java.lang.Object>)
2017-05-02 16:31:09  [ RMI TCP Connection(3)-127.0.0.1:7882 ] - [ INFO ]  Looking for @ControllerAdvice: WebApplicationContext for namespace 'springDispatcherServlet-servlet': startup date [Tue May 02 16:31:03 CST 2017]; parent: Root WebApplicationContext
2017-05-02 16:31:09  [ RMI TCP Connection(3)-127.0.0.1:8019 ] - [ INFO ]  Looking for @ControllerAdvice: WebApplicationContext for namespace 'springDispatcherServlet-servlet': startup date [Tue May 02 16:31:03 CST 2017]; parent: Root WebApplicationContext
2017-05-02 16:31:09  [ RMI TCP Connection(3)-127.0.0.1:8360 ] - [ INFO ]  FrameworkServlet 'springDispatcherServlet': initialization completed in 6259 ms
2017-05-02 16:32:37  [ localhost-startStop-2:96356 ] - [ INFO ]  Closing WebApplicationContext for namespace 'springDispatcherServlet-servlet': startup date [Tue May 02 16:31:03 CST 2017]; parent: Root WebApplicationContext
2017-05-02 16:32:37  [ localhost-startStop-2:96374 ] - [ INFO ]  Closing Root WebApplicationContext: startup date [Tue May 02 16:31:01 CST 2017]; root of context hierarchy
2017-05-02 16:32:54  [ RMI TCP Connection(3)-127.0.0.1:0 ] - [ INFO ]  Root WebApplicationContext: initialization started
2017-05-02 16:32:54  [ RMI TCP Connection(3)-127.0.0.1:114 ] - [ INFO ]  Refreshing Root WebApplicationContext: startup date [Tue May 02 16:32:54 CST 2017]; root of context hierarchy
2017-05-02 16:32:54  [ RMI TCP Connection(3)-127.0.0.1:193 ] - [ INFO ]  Loading XML bean definitions from class path resource [config/spring-mybatis.xml]
2017-05-02 16:32:54  [ RMI TCP Connection(3)-127.0.0.1:415 ] - [ INFO ]  Loading XML bean definitions from class path resource [config/spring-redis.xml]
2017-05-02 16:32:55  [ RMI TCP Connection(3)-127.0.0.1:1016 ] - [ INFO ]  Loading properties file from file [C:\Program Files\java\tomcat8\apache-tomcat-7.0.73\webapps\upm-api\WEB-INF\classes\config\jdbc.properties]
2017-05-02 16:32:55  [ RMI TCP Connection(3)-127.0.0.1:1017 ] - [ INFO ]  Loading properties file from file [C:\Program Files\java\tomcat8\apache-tomcat-7.0.73\webapps\upm-api\WEB-INF\classes\config\sys.properties]
2017-05-02 16:32:55  [ MLog-Init-Reporter:1273 ] - [ INFO ]  MLog clients using slf4j logging.
2017-05-02 16:32:55  [ RMI TCP Connection(3)-127.0.0.1:1354 ] - [ INFO ]  Initializing c3p0-0.9.5.2 [built 08-December-2015 22:06:04 -0800; debug? true; trace: 10]
2017-05-02 16:32:56  [ RMI TCP Connection(3)-127.0.0.1:2317 ] - [ INFO ]  Root WebApplicationContext: initialization completed in 2315 ms
2017-05-02 16:32:56  [ RMI TCP Connection(3)-127.0.0.1:2386 ] - [ INFO ]  FrameworkServlet 'springDispatcherServlet': initialization started
2017-05-02 16:32:56  [ RMI TCP Connection(3)-127.0.0.1:2391 ] - [ INFO ]  Refreshing WebApplicationContext for namespace 'springDispatcherServlet-servlet': startup date [Tue May 02 16:32:56 CST 2017]; parent: Root WebApplicationContext
2017-05-02 16:32:56  [ RMI TCP Connection(3)-127.0.0.1:2391 ] - [ INFO ]  Loading XML bean definitions from class path resource [config/applicationContext.xml]
2017-05-02 16:33:01  [ RMI TCP Connection(3)-127.0.0.1:7366 ] - [ INFO ]  Mapped "{[/v1.0/crud/{bookId}],methods=[DELETE]}" onto public com.bsg.api.util.RespJson com.bsg.api.controller.CurdController.remove(javax.servlet.http.HttpServletRequest,java.lang.String) throws com.bsg.api.exception.BookNotFoundException
2017-05-02 16:33:01  [ RMI TCP Connection(3)-127.0.0.1:7368 ] - [ INFO ]  Mapped "{[/v1.0/crud/{bookId}],methods=[PUT]}" onto public com.bsg.api.util.RespJson com.bsg.api.controller.CurdController.update(javax.servlet.http.HttpServletRequest,java.lang.String,java.util.Map<java.lang.String, java.lang.Object>) throws com.bsg.api.exception.APIException
2017-05-02 16:33:01  [ RMI TCP Connection(3)-127.0.0.1:7369 ] - [ INFO ]  Mapped "{[/v1.0/crud],methods=[GET]}" onto public com.bsg.api.util.RespJson com.bsg.api.controller.CurdController.list(javax.servlet.http.HttpServletRequest,java.util.Map<java.lang.String, java.lang.Object>) throws com.bsg.api.exception.APIException
2017-05-02 16:33:01  [ RMI TCP Connection(3)-127.0.0.1:7369 ] - [ INFO ]  Mapped "{[/v1.0/crud],methods=[POST]}" onto public com.bsg.api.util.RespJson com.bsg.api.controller.CurdController.save(javax.servlet.http.HttpServletRequest,java.util.Map<java.lang.String, java.lang.Object>) throws com.bsg.api.exception.APIException
2017-05-02 16:33:01  [ RMI TCP Connection(3)-127.0.0.1:7371 ] - [ INFO ]  Mapped "{[/v1.0/exception/{bookId}],methods=[PUT]}" onto public com.bsg.api.util.RespJson com.bsg.api.controller.ExceptionController.update(javax.servlet.http.HttpServletRequest,java.lang.String,java.util.Map<java.lang.String, java.lang.Object>) throws com.bsg.api.exception.APIException
2017-05-02 16:33:01  [ RMI TCP Connection(3)-127.0.0.1:7371 ] - [ INFO ]  Mapped "{[/v1.0/exception/{bookId}],methods=[DELETE]}" onto public com.bsg.api.util.RespJson com.bsg.api.controller.ExceptionController.fiveExceptin()
2017-05-02 16:33:01  [ RMI TCP Connection(3)-127.0.0.1:7373 ] - [ INFO ]  Mapped "{[/V1.0/file/upload],methods=[POST]}" onto public com.bsg.api.util.RespJson com.bsg.api.controller.FileController.fileUpload(javax.servlet.http.HttpServletRequest) throws java.lang.IllegalStateException,java.io.IOException,com.bsg.api.exception.APIException
2017-05-02 16:33:01  [ RMI TCP Connection(3)-127.0.0.1:7373 ] - [ INFO ]  Mapped "{[/V1.0/file/download],methods=[GET]}" onto public com.bsg.api.util.RespJson com.bsg.api.controller.FileController.fileDownload()
2017-05-02 16:33:01  [ RMI TCP Connection(3)-127.0.0.1:7374 ] - [ INFO ]  Mapped "{[/v1.0/http],methods=[GET]}" onto public com.bsg.api.util.RespJson com.bsg.api.controller.HttpClientController.getHttpClient(javax.servlet.http.HttpServletRequest,java.util.Map<java.lang.String, java.lang.Object>)
2017-05-02 16:33:01  [ RMI TCP Connection(3)-127.0.0.1:7375 ] - [ INFO ]  Mapped "{[/v1.0/http],methods=[POST]}" onto public com.bsg.api.util.RespJson com.bsg.api.controller.HttpClientController.postHttpClient(javax.servlet.http.HttpServletRequest,java.util.Map<java.lang.String, java.lang.Object>)
2017-05-02 16:33:01  [ RMI TCP Connection(3)-127.0.0.1:7376 ] - [ INFO ]  Mapped "{[/v1.0/info/asyn]}" onto public com.bsg.api.util.RespJson com.bsg.api.controller.InfoController.asynInfo()
2017-05-02 16:33:01  [ RMI TCP Connection(3)-127.0.0.1:7376 ] - [ INFO ]  Mapped "{[/v1.0/info/syn]}" onto public com.bsg.api.util.RespJson com.bsg.api.controller.InfoController.synInfo()
2017-05-02 16:33:01  [ RMI TCP Connection(3)-127.0.0.1:7377 ] - [ INFO ]  Mapped "{[/v1.0/log/{type}],methods=[GET]}" onto public com.bsg.api.util.RespJson com.bsg.api.controller.LogController.list(javax.servlet.http.HttpServletRequest,java.lang.String) throws com.bsg.api.exception.APIException
2017-05-02 16:33:01  [ RMI TCP Connection(3)-127.0.0.1:7383 ] - [ INFO ]  Mapped "{[/v1.0/login],methods=[POST]}" onto public com.bsg.api.util.RespJson com.bsg.api.controller.LoginController.login(javax.servlet.http.HttpServletRequest,java.util.Map<java.lang.String, java.lang.Object>)
2017-05-02 16:33:01  [ RMI TCP Connection(3)-127.0.0.1:7383 ] - [ INFO ]  Mapped "{[/v1.0/param],methods=[GET]}" onto public com.bsg.api.util.RespJson com.bsg.api.controller.LoginController.loginByGet(javax.servlet.http.HttpServletRequest,java.util.Map<java.lang.String, java.lang.Object>)
2017-05-02 16:33:01  [ RMI TCP Connection(3)-127.0.0.1:7383 ] - [ INFO ]  Mapped "{[/v1.0/{param}],methods=[GET]}" onto public com.bsg.api.util.RespJson com.bsg.api.controller.LoginController.loginByUrl(javax.servlet.http.HttpServletRequest,java.lang.String)
2017-05-02 16:33:01  [ RMI TCP Connection(3)-127.0.0.1:7388 ] - [ INFO ]  Mapped "{[/v1.0/select/curd],methods=[GET]}" onto public com.bsg.api.util.RespJson com.bsg.api.controller.SelectController.list(javax.servlet.http.HttpServletRequest)
2017-05-02 16:33:01  [ RMI TCP Connection(3)-127.0.0.1:7390 ] - [ INFO ]  Mapped "{[/v1.0/book/list],methods=[GET]}" onto public com.bsg.api.util.RespJson com.bsg.api.controller.TransactionalController.list(javax.servlet.http.HttpServletRequest,java.util.Map<java.lang.String, java.lang.Object>)
2017-05-02 16:33:01  [ RMI TCP Connection(3)-127.0.0.1:7390 ] - [ INFO ]  Mapped "{[/v1.0/book/update/oneTx],methods=[POST]}" onto public com.bsg.api.util.RespJson com.bsg.api.controller.TransactionalController.updateBookByOneTx(javax.servlet.http.HttpServletRequest,java.util.Map<java.lang.String, java.lang.Object>)
2017-05-02 16:33:01  [ RMI TCP Connection(3)-127.0.0.1:7390 ] - [ INFO ]  Mapped "{[/v1.0/book/update/moreTx],methods=[POST]}" onto public com.bsg.api.util.RespJson com.bsg.api.controller.TransactionalController.updateBookByMoreTx(javax.servlet.http.HttpServletRequest,java.util.Map<java.lang.String, java.lang.Object>)
2017-05-02 16:33:03  [ RMI TCP Connection(3)-127.0.0.1:8750 ] - [ INFO ]  Looking for @ControllerAdvice: WebApplicationContext for namespace 'springDispatcherServlet-servlet': startup date [Tue May 02 16:32:56 CST 2017]; parent: Root WebApplicationContext
2017-05-02 16:33:03  [ RMI TCP Connection(3)-127.0.0.1:8887 ] - [ INFO ]  Looking for @ControllerAdvice: WebApplicationContext for namespace 'springDispatcherServlet-servlet': startup date [Tue May 02 16:32:56 CST 2017]; parent: Root WebApplicationContext
2017-05-02 16:33:03  [ RMI TCP Connection(3)-127.0.0.1:9261 ] - [ INFO ]  FrameworkServlet 'springDispatcherServlet': initialization completed in 6875 ms
2017-05-02 16:34:20  [ http-apr-8000-exec-9:86192 ] - [ INFO ]  Initializing c3p0 pool... com.mchange.v2.c3p0.ComboPooledDataSource [ acquireIncrement -> 3, acquireRetryAttempts -> 30, acquireRetryDelay -> 1000, autoCommitOnClose -> false, automaticTestTable -> null, breakAfterAcquireFailure -> false, checkoutTimeout -> 0, connectionCustomizerClassName -> null, connectionTesterClassName -> com.mchange.v2.c3p0.impl.DefaultConnectionTester, contextClassLoaderSource -> caller, dataSourceName -> 1hge1h39n1jknenkvmtd2q|82da995, debugUnreturnedConnectionStackTraces -> false, description -> null, driverClass -> com.mysql.jdbc.Driver, extensions -> {}, factoryClassLocation -> null, forceIgnoreUnresolvedTransactions -> false, forceSynchronousCheckins -> false, forceUseNamedDriverClass -> false, identityToken -> 1hge1h39n1jknenkvmtd2q|82da995, idleConnectionTestPeriod -> 0, initialPoolSize -> 10, jdbcUrl -> jdbc:mysql://localhost:3306/spring-server, maxAdministrativeTaskTime -> 0, maxConnectionAge -> 0, maxIdleTime -> 0, maxIdleTimeExcessConnections -> 0, maxPoolSize -> 20, maxStatements -> 0, maxStatementsPerConnection -> 0, minPoolSize -> 3, numHelperThreads -> 3, preferredTestQuery -> null, privilegeSpawnedThreads -> false, properties -> {user=******, password=******}, propertyCycle -> 0, statementCacheNumDeferredCloseThreads -> 0, testConnectionOnCheckin -> false, testConnectionOnCheckout -> false, unreturnedConnectionTimeout -> 0, userOverrides -> {}, usesTraditionalReflectiveProxies -> false ]
2017-05-02 16:34:22  [ http-apr-8000-exec-9:87774 ] - [ ERROR ]  ”√ªß√˚√‹¬Î¥ÌŒÛ
2017-05-02 16:34:22  [ http-apr-8000-exec-9:87775 ] - [ INFO ]  ”√ªß√˚√‹¬Îinfo
2017-05-02 16:34:22  [ http-apr-8000-exec-9:87775 ] - [ WARN ]  ”√ªß√˚√‹¬ÎæØ∏Ê
2017-05-02 16:34:30  [ http-apr-8000-exec-1:95889 ] - [ ERROR ]  getHttp¡¨Ω” ß∞‹
2017-05-02 16:35:19  [ http-apr-8000-exec-3:145181 ] - [ ERROR ]   ÈºÆπ∫¬Ú ß∞‹com.bsg.api.exception.APIException: ∏¸–¬ ÈºÆ ˝¡ø ß∞‹null
2017-05-02 16:36:10  [ http-apr-8000-exec-6:195834 ] - [ ERROR ]   ÈºÆπ∫¬Ú ß∞‹com.bsg.api.exception.APIException: ∏¸–¬ ÈºÆ ˝¡ø ß∞‹null
2017-05-02 16:36:18  [ http-apr-8000-exec-8:204388 ] - [ INFO ]   ÈºÆ≤È—Ø≥…π¶
2017-05-02 17:52:01  [ http-apr-8000-exec-7:4747486 ] - [ WARN ]  No mapping found for HTTP request with URI [/upm-api/v1.0/select/select-button] in DispatcherServlet with name 'springDispatcherServlet'
2017-05-02 17:52:13  [ localhost-startStop-2:4758616 ] - [ INFO ]  Closing WebApplicationContext for namespace 'springDispatcherServlet-servlet': startup date [Tue May 02 16:32:56 CST 2017]; parent: Root WebApplicationContext
2017-05-02 17:52:13  [ localhost-startStop-2:4758630 ] - [ INFO ]  Closing Root WebApplicationContext: startup date [Tue May 02 16:32:54 CST 2017]; root of context hierarchy
2017-05-02 17:52:48  [ RMI TCP Connection(2)-127.0.0.1:0 ] - [ INFO ]  Root WebApplicationContext: initialization started
2017-05-02 17:52:48  [ RMI TCP Connection(2)-127.0.0.1:111 ] - [ INFO ]  Refreshing Root WebApplicationContext: startup date [Tue May 02 17:52:48 CST 2017]; root of context hierarchy
2017-05-02 17:52:48  [ RMI TCP Connection(2)-127.0.0.1:225 ] - [ INFO ]  Loading XML bean definitions from class path resource [config/spring-mybatis.xml]
2017-05-02 17:52:48  [ RMI TCP Connection(2)-127.0.0.1:909 ] - [ INFO ]  Loading XML bean definitions from class path resource [config/spring-redis.xml]
2017-05-02 17:52:49  [ RMI TCP Connection(2)-127.0.0.1:1424 ] - [ INFO ]  Loading properties file from file [C:\Program Files\java\tomcat8\apache-tomcat-7.0.73\webapps\upm-api\WEB-INF\classes\config\jdbc.properties]
2017-05-02 17:52:49  [ RMI TCP Connection(2)-127.0.0.1:1424 ] - [ INFO ]  Loading properties file from file [C:\Program Files\java\tomcat8\apache-tomcat-7.0.73\webapps\upm-api\WEB-INF\classes\config\sys.properties]
2017-05-02 17:52:49  [ MLog-Init-Reporter:1765 ] - [ INFO ]  MLog clients using slf4j logging.
2017-05-02 17:52:49  [ RMI TCP Connection(2)-127.0.0.1:1850 ] - [ INFO ]  Initializing c3p0-0.9.5.2 [built 08-December-2015 22:06:04 -0800; debug? true; trace: 10]
2017-05-02 17:52:51  [ RMI TCP Connection(2)-127.0.0.1:3194 ] - [ INFO ]  Root WebApplicationContext: initialization completed in 3193 ms
2017-05-02 17:52:51  [ RMI TCP Connection(2)-127.0.0.1:3264 ] - [ INFO ]  FrameworkServlet 'springDispatcherServlet': initialization started
2017-05-02 17:52:51  [ RMI TCP Connection(2)-127.0.0.1:3267 ] - [ INFO ]  Refreshing WebApplicationContext for namespace 'springDispatcherServlet-servlet': startup date [Tue May 02 17:52:51 CST 2017]; parent: Root WebApplicationContext
2017-05-02 17:52:51  [ RMI TCP Connection(2)-127.0.0.1:3268 ] - [ INFO ]  Loading XML bean definitions from class path resource [config/applicationContext.xml]
2017-05-02 17:52:57  [ RMI TCP Connection(2)-127.0.0.1:9391 ] - [ INFO ]  Mapped "{[/v1.0/crud/{bookId}],methods=[DELETE]}" onto public com.bsg.api.util.RespJson com.bsg.api.controller.CurdController.remove(javax.servlet.http.HttpServletRequest,java.lang.String) throws com.bsg.api.exception.BookNotFoundException
2017-05-02 17:52:57  [ RMI TCP Connection(2)-127.0.0.1:9394 ] - [ INFO ]  Mapped "{[/v1.0/crud/{bookId}],methods=[PUT]}" onto public com.bsg.api.util.RespJson com.bsg.api.controller.CurdController.update(javax.servlet.http.HttpServletRequest,java.lang.String,java.util.Map<java.lang.String, java.lang.Object>) throws com.bsg.api.exception.APIException
2017-05-02 17:52:57  [ RMI TCP Connection(2)-127.0.0.1:9395 ] - [ INFO ]  Mapped "{[/v1.0/crud],methods=[GET]}" onto public com.bsg.api.util.RespJson com.bsg.api.controller.CurdController.list(javax.servlet.http.HttpServletRequest,java.util.Map<java.lang.String, java.lang.Object>) throws com.bsg.api.exception.APIException
2017-05-02 17:52:57  [ RMI TCP Connection(2)-127.0.0.1:9395 ] - [ INFO ]  Mapped "{[/v1.0/crud],methods=[POST]}" onto public com.bsg.api.util.RespJson com.bsg.api.controller.CurdController.save(javax.servlet.http.HttpServletRequest,java.util.Map<java.lang.String, java.lang.Object>) throws com.bsg.api.exception.APIException
2017-05-02 17:52:57  [ RMI TCP Connection(2)-127.0.0.1:9397 ] - [ INFO ]  Mapped "{[/v1.0/exception/{bookId}],methods=[PUT]}" onto public com.bsg.api.util.RespJson com.bsg.api.controller.ExceptionController.update(javax.servlet.http.HttpServletRequest,java.lang.String,java.util.Map<java.lang.String, java.lang.Object>) throws com.bsg.api.exception.APIException
2017-05-02 17:52:57  [ RMI TCP Connection(2)-127.0.0.1:9398 ] - [ INFO ]  Mapped "{[/v1.0/exception/{bookId}],methods=[DELETE]}" onto public com.bsg.api.util.RespJson com.bsg.api.controller.ExceptionController.fiveExceptin()
2017-05-02 17:52:57  [ RMI TCP Connection(2)-127.0.0.1:9400 ] - [ INFO ]  Mapped "{[/V1.0/file/download],methods=[GET]}" onto public com.bsg.api.util.RespJson com.bsg.api.controller.FileController.fileDownload()
2017-05-02 17:52:57  [ RMI TCP Connection(2)-127.0.0.1:9400 ] - [ INFO ]  Mapped "{[/V1.0/file/upload],methods=[POST]}" onto public com.bsg.api.util.RespJson com.bsg.api.controller.FileController.fileUpload(javax.servlet.http.HttpServletRequest) throws java.lang.IllegalStateException,java.io.IOException,com.bsg.api.exception.APIException
2017-05-02 17:52:57  [ RMI TCP Connection(2)-127.0.0.1:9402 ] - [ INFO ]  Mapped "{[/v1.0/http],methods=[POST]}" onto public com.bsg.api.util.RespJson com.bsg.api.controller.HttpClientController.postHttpClient(javax.servlet.http.HttpServletRequest,java.util.Map<java.lang.String, java.lang.Object>)
2017-05-02 17:52:57  [ RMI TCP Connection(2)-127.0.0.1:9402 ] - [ INFO ]  Mapped "{[/v1.0/http],methods=[GET]}" onto public com.bsg.api.util.RespJson com.bsg.api.controller.HttpClientController.getHttpClient(javax.servlet.http.HttpServletRequest,java.util.Map<java.lang.String, java.lang.Object>)
2017-05-02 17:52:57  [ RMI TCP Connection(2)-127.0.0.1:9404 ] - [ INFO ]  Mapped "{[/v1.0/info/asyn]}" onto public com.bsg.api.util.RespJson com.bsg.api.controller.InfoController.asynInfo()
2017-05-02 17:52:57  [ RMI TCP Connection(2)-127.0.0.1:9404 ] - [ INFO ]  Mapped "{[/v1.0/info/syn]}" onto public com.bsg.api.util.RespJson com.bsg.api.controller.InfoController.synInfo()
2017-05-02 17:52:57  [ RMI TCP Connection(2)-127.0.0.1:9405 ] - [ INFO ]  Mapped "{[/v1.0/log/{type}],methods=[GET]}" onto public com.bsg.api.util.RespJson com.bsg.api.controller.LogController.list(javax.servlet.http.HttpServletRequest,java.lang.String) throws com.bsg.api.exception.APIException
2017-05-02 17:52:57  [ RMI TCP Connection(2)-127.0.0.1:9411 ] - [ INFO ]  Mapped "{[/v1.0/login],methods=[POST]}" onto public com.bsg.api.util.RespJson com.bsg.api.controller.LoginController.login(javax.servlet.http.HttpServletRequest,java.util.Map<java.lang.String, java.lang.Object>)
2017-05-02 17:52:57  [ RMI TCP Connection(2)-127.0.0.1:9411 ] - [ INFO ]  Mapped "{[/v1.0/param],methods=[GET]}" onto public com.bsg.api.util.RespJson com.bsg.api.controller.LoginController.loginByGet(javax.servlet.http.HttpServletRequest,java.util.Map<java.lang.String, java.lang.Object>)
2017-05-02 17:52:57  [ RMI TCP Connection(2)-127.0.0.1:9413 ] - [ INFO ]  Mapped "{[/v1.0/{param}],methods=[GET]}" onto public com.bsg.api.util.RespJson com.bsg.api.controller.LoginController.loginByUrl(javax.servlet.http.HttpServletRequest,java.lang.String)
2017-05-02 17:52:57  [ RMI TCP Connection(2)-127.0.0.1:9415 ] - [ INFO ]  Mapped "{[/v1.0/select/{type}],methods=[GET]}" onto public com.bsg.api.util.RespJson com.bsg.api.controller.SelectController.list(javax.servlet.http.HttpServletRequest,java.lang.String)
2017-05-02 17:52:57  [ RMI TCP Connection(2)-127.0.0.1:9415 ] - [ INFO ]  Mapped "{[/v1.0/select/mysql/{type}],methods=[GET]}" onto public com.bsg.api.util.RespJson com.bsg.api.controller.SelectController.mysqlSelect(javax.servlet.http.HttpServletRequest,java.lang.String)
2017-05-02 17:52:57  [ RMI TCP Connection(2)-127.0.0.1:9417 ] - [ INFO ]  Mapped "{[/v1.0/book/list],methods=[GET]}" onto public com.bsg.api.util.RespJson com.bsg.api.controller.TransactionalController.list(javax.servlet.http.HttpServletRequest,java.util.Map<java.lang.String, java.lang.Object>)
2017-05-02 17:52:57  [ RMI TCP Connection(2)-127.0.0.1:9418 ] - [ INFO ]  Mapped "{[/v1.0/book/update/oneTx],methods=[POST]}" onto public com.bsg.api.util.RespJson com.bsg.api.controller.TransactionalController.updateBookByOneTx(javax.servlet.http.HttpServletRequest,java.util.Map<java.lang.String, java.lang.Object>)
2017-05-02 17:52:57  [ RMI TCP Connection(2)-127.0.0.1:9418 ] - [ INFO ]  Mapped "{[/v1.0/book/update/moreTx],methods=[POST]}" onto public com.bsg.api.util.RespJson com.bsg.api.controller.TransactionalController.updateBookByMoreTx(javax.servlet.http.HttpServletRequest,java.util.Map<java.lang.String, java.lang.Object>)
2017-05-02 17:52:59  [ RMI TCP Connection(2)-127.0.0.1:11162 ] - [ INFO ]  Looking for @ControllerAdvice: WebApplicationContext for namespace 'springDispatcherServlet-servlet': startup date [Tue May 02 17:52:51 CST 2017]; parent: Root WebApplicationContext
2017-05-02 17:52:59  [ RMI TCP Connection(2)-127.0.0.1:11413 ] - [ INFO ]  Looking for @ControllerAdvice: WebApplicationContext for namespace 'springDispatcherServlet-servlet': startup date [Tue May 02 17:52:51 CST 2017]; parent: Root WebApplicationContext
2017-05-02 17:52:59  [ RMI TCP Connection(2)-127.0.0.1:11869 ] - [ INFO ]  FrameworkServlet 'springDispatcherServlet': initialization completed in 8605 ms
2017-05-02 17:53:13  [ http-apr-8000-exec-7:25885 ] - [ INFO ]  Initializing c3p0 pool... com.mchange.v2.c3p0.ComboPooledDataSource [ acquireIncrement -> 3, acquireRetryAttempts -> 30, acquireRetryDelay -> 1000, autoCommitOnClose -> false, automaticTestTable -> null, breakAfterAcquireFailure -> false, checkoutTimeout -> 0, connectionCustomizerClassName -> null, connectionTesterClassName -> com.mchange.v2.c3p0.impl.DefaultConnectionTester, contextClassLoaderSource -> caller, dataSourceName -> 1hge1h39n1jni5s21kag6f7|35276b48, debugUnreturnedConnectionStackTraces -> false, description -> null, driverClass -> com.mysql.jdbc.Driver, extensions -> {}, factoryClassLocation -> null, forceIgnoreUnresolvedTransactions -> false, forceSynchronousCheckins -> false, forceUseNamedDriverClass -> false, identityToken -> 1hge1h39n1jni5s21kag6f7|35276b48, idleConnectionTestPeriod -> 0, initialPoolSize -> 10, jdbcUrl -> jdbc:mysql://localhost:3306/spring-server, maxAdministrativeTaskTime -> 0, maxConnectionAge -> 0, maxIdleTime -> 0, maxIdleTimeExcessConnections -> 0, maxPoolSize -> 20, maxStatements -> 0, maxStatementsPerConnection -> 0, minPoolSize -> 3, numHelperThreads -> 3, preferredTestQuery -> null, privilegeSpawnedThreads -> false, properties -> {user=******, password=******}, propertyCycle -> 0, statementCacheNumDeferredCloseThreads -> 0, testConnectionOnCheckin -> false, testConnectionOnCheckout -> false, unreturnedConnectionTimeout -> 0, userOverrides -> {}, usesTraditionalReflectiveProxies -> false ]
2017-05-02 17:53:14  [ http-apr-8000-exec-7:26491 ] - [ ERROR ]  ”√ªß√˚√‹¬Î¥ÌŒÛ
2017-05-02 17:53:14  [ http-apr-8000-exec-7:26491 ] - [ INFO ]  ”√ªß√˚√‹¬Îinfo
2017-05-02 17:53:14  [ http-apr-8000-exec-7:26491 ] - [ WARN ]  ”√ªß√˚√‹¬ÎæØ∏Ê
2017-05-02 18:09:27  [ localhost-startStop-2:999783 ] - [ INFO ]  Closing WebApplicationContext for namespace 'springDispatcherServlet-servlet': startup date [Tue May 02 17:52:51 CST 2017]; parent: Root WebApplicationContext
2017-05-02 18:09:27  [ localhost-startStop-2:999804 ] - [ INFO ]  Closing Root WebApplicationContext: startup date [Tue May 02 17:52:48 CST 2017]; root of context hierarchy
